<?xml version="1.0" encoding="UTF-8"?>
<coverage generated="1659606423884" clover="3.2.0">
  <project timestamp="1659606423884" name="All files">
    <metrics statements="20" coveredstatements="19" conditionals="0" coveredconditionals="0" methods="10" coveredmethods="9" elements="30" coveredelements="28" complexity="0" loc="20" ncloc="20" packages="1" files="3" classes="3"/>
    <file name="01-rectangle.js" path="/Users/cdga/repos/testing-123/src/01-rectangle.js">
      <metrics statements="5" coveredstatements="5" conditionals="0" coveredconditionals="0" methods="3" coveredmethods="3"/>
      <line num="4" count="2" type="stmt"/>
      <line num="5" count="2" type="stmt"/>
      <line num="9" count="2" type="stmt"/>
      <line num="13" count="2" type="stmt"/>
      <line num="17" count="1" type="stmt"/>
    </file>
    <file name="02-point.js" path="/Users/cdga/repos/testing-123/src/02-point.js">
      <metrics statements="8" coveredstatements="8" conditionals="0" coveredconditionals="0" methods="4" coveredmethods="4"/>
      <line num="4" count="12" type="stmt"/>
      <line num="5" count="12" type="stmt"/>
      <line num="9" count="3" type="stmt"/>
      <line num="10" count="3" type="stmt"/>
      <line num="14" count="3" type="stmt"/>
      <line num="18" count="3" type="stmt"/>
      <line num="19" count="3" type="stmt"/>
      <line num="22" count="1" type="stmt"/>
    </file>
    <file name="03-cuboid.js" path="/Users/cdga/repos/testing-123/src/03-cuboid.js">
      <metrics statements="7" coveredstatements="6" conditionals="0" coveredconditionals="0" methods="3" coveredmethods="2"/>
      <line num="4" count="3" type="stmt"/>
      <line num="5" count="3" type="stmt"/>
      <line num="6" count="3" type="stmt"/>
      <line num="7" count="3" type="stmt"/>
      <line num="11" count="1" type="stmt"/>
      <line num="15" count="0" type="stmt"/>
      <line num="20" count="1" type="stmt"/>
    </file>
  </project>
</coverage>
