{"/Users/cdga/repos/testing-123/src/01-rectangle.js": {"path":"/Users/cdga/repos/testing-123/src/01-rectangle.js","statementMap":{"0":{"start":{"line":4,"column":4},"end":{"line":4,"column":22}},"1":{"start":{"line":5,"column":4},"end":{"line":5,"column":24}},"2":{"start":{"line":9,"column":4},"end":{"line":9,"column":35}},"3":{"start":{"line":13,"column":4},"end":{"line":13,"column":41}},"4":{"start":{"line":17,"column":0},"end":{"line":17,"column":30}}},"fnMap":{"0":{"name":"(anonymous_0)","decl":{"start":{"line":3,"column":2},"end":{"line":3,"column":3}},"loc":{"start":{"line":3,"column":30},"end":{"line":6,"column":3}},"line":3},"1":{"name":"(anonymous_1)","decl":{"start":{"line":8,"column":2},"end":{"line":8,"column":3}},"loc":{"start":{"line":8,"column":10},"end":{"line":10,"column":3}},"line":8},"2":{"name":"(anonymous_2)","decl":{"start":{"line":12,"column":2},"end":{"line":12,"column":3}},"loc":{"start":{"line":12,"column":15},"end":{"line":14,"column":3}},"line":12}},"branchMap":{},"s":{"0":2,"1":2,"2":2,"3":2,"4":1},"f":{"0":2,"1":2,"2":2},"b":{},"_coverageSchema":"1a1c01bbd47fc00a2c39e90264f33305004495a9","hash":"d2f93def57eef3b1d1c59bdc6b47c46d5b92ff3d"}
,"/Users/cdga/repos/testing-123/src/02-point.js": {"path":"/Users/cdga/repos/testing-123/src/02-point.js","statementMap":{"0":{"start":{"line":4,"column":4},"end":{"line":4,"column":14}},"1":{"start":{"line":5,"column":4},"end":{"line":5,"column":14}},"2":{"start":{"line":9,"column":4},"end":{"line":9,"column":16}},"3":{"start":{"line":10,"column":4},"end":{"line":10,"column":16}},"4":{"start":{"line":14,"column":4},"end":{"line":14,"column":39}},"5":{"start":{"line":18,"column":4},"end":{"line":18,"column":15}},"6":{"start":{"line":19,"column":4},"end":{"line":19,"column":15}},"7":{"start":{"line":22,"column":0},"end":{"line":22,"column":26}}},"fnMap":{"0":{"name":"(anonymous_0)","decl":{"start":{"line":3,"column":2},"end":{"line":3,"column":3}},"loc":{"start":{"line":3,"column":21},"end":{"line":6,"column":3}},"line":3},"1":{"name":"(anonymous_1)","decl":{"start":{"line":8,"column":2},"end":{"line":8,"column":3}},"loc":{"start":{"line":8,"column":15},"end":{"line":11,"column":3}},"line":8},"2":{"name":"(anonymous_2)","decl":{"start":{"line":13,"column":2},"end":{"line":13,"column":3}},"loc":{"start":{"line":13,"column":13},"end":{"line":15,"column":3}},"line":13},"3":{"name":"(anonymous_3)","decl":{"start":{"line":17,"column":2},"end":{"line":17,"column":3}},"loc":{"start":{"line":17,"column":14},"end":{"line":20,"column":3}},"line":17}},"branchMap":{},"s":{"0":12,"1":12,"2":3,"3":3,"4":3,"5":3,"6":3,"7":1},"f":{"0":12,"1":3,"2":3,"3":3},"b":{},"_coverageSchema":"1a1c01bbd47fc00a2c39e90264f33305004495a9","hash":"f3ebb595d94c56fe52201c5ec629296f1c94a002"}
,"/Users/cdga/repos/testing-123/src/03-cuboid.js": {"path":"/Users/cdga/repos/testing-123/src/03-cuboid.js","statementMap":{"0":{"start":{"line":4,"column":4},"end":{"line":4,"column":22}},"1":{"start":{"line":5,"column":4},"end":{"line":5,"column":24}},"2":{"start":{"line":6,"column":4},"end":{"line":6,"column":22}},"3":{"start":{"line":7,"column":4},"end":{"line":7,"column":24}},"4":{"start":{"line":11,"column":4},"end":{"line":11,"column":48}},"5":{"start":{"line":15,"column":4},"end":{"line":15,"column":24}},"6":{"start":{"line":20,"column":0},"end":{"line":20,"column":27}}},"fnMap":{"0":{"name":"(anonymous_0)","decl":{"start":{"line":3,"column":2},"end":{"line":3,"column":3}},"loc":{"start":{"line":3,"column":37},"end":{"line":8,"column":3}},"line":3},"1":{"name":"(anonymous_1)","decl":{"start":{"line":10,"column":2},"end":{"line":10,"column":3}},"loc":{"start":{"line":10,"column":12},"end":{"line":12,"column":3}},"line":10},"2":{"name":"(anonymous_2)","decl":{"start":{"line":14,"column":2},"end":{"line":14,"column":3}},"loc":{"start":{"line":14,"column":17},"end":{"line":16,"column":3}},"line":14}},"branchMap":{},"s":{"0":3,"1":3,"2":3,"3":3,"4":1,"5":2,"6":1},"f":{"0":3,"1":1,"2":2},"b":{},"_coverageSchema":"1a1c01bbd47fc00a2c39e90264f33305004495a9","hash":"5c420533305848447539b4d5e8dc6ddfb56c0e7e"}
,"/Users/cdga/repos/testing-123/src/04-library.js": {"path":"/Users/cdga/repos/testing-123/src/04-library.js","statementMap":{"0":{"start":{"line":4,"column":4},"end":{"line":4,"column":22}},"1":{"start":{"line":5,"column":4},"end":{"line":5,"column":20}},"2":{"start":{"line":6,"column":4},"end":{"line":6,"column":24}},"3":{"start":{"line":7,"column":4},"end":{"line":7,"column":27}},"4":{"start":{"line":8,"column":4},"end":{"line":8,"column":28}},"5":{"start":{"line":16,"column":4},"end":{"line":16,"column":28}},"6":{"start":{"line":17,"column":4},"end":{"line":17,"column":28}},"7":{"start":{"line":18,"column":4},"end":{"line":18,"column":19}},"8":{"start":{"line":22,"column":4},"end":{"line":22,"column":42}},"9":{"start":{"line":22,"column":36},"end":{"line":22,"column":42}},"10":{"start":{"line":23,"column":4},"end":{"line":23,"column":31}},"11":{"start":{"line":27,"column":4},"end":{"line":27,"column":28}},"12":{"start":{"line":28,"column":4},"end":{"line":28,"column":37}},"13":{"start":{"line":29,"column":4},"end":{"line":29,"column":25}},"14":{"start":{"line":33,"column":4},"end":{"line":33,"column":27}},"15":{"start":{"line":34,"column":4},"end":{"line":34,"column":28}},"16":{"start":{"line":35,"column":4},"end":{"line":35,"column":61}},"17":{"start":{"line":35,"column":40},"end":{"line":35,"column":60}},"18":{"start":{"line":39,"column":0},"end":{"line":39,"column":29}}},"fnMap":{"0":{"name":"(anonymous_0)","decl":{"start":{"line":3,"column":2},"end":{"line":3,"column":3}},"loc":{"start":{"line":3,"column":36},"end":{"line":9,"column":3}},"line":3},"1":{"name":"(anonymous_1)","decl":{"start":{"line":15,"column":2},"end":{"line":15,"column":3}},"loc":{"start":{"line":15,"column":35},"end":{"line":19,"column":3}},"line":15},"2":{"name":"(anonymous_2)","decl":{"start":{"line":21,"column":2},"end":{"line":21,"column":3}},"loc":{"start":{"line":21,"column":41},"end":{"line":24,"column":3}},"line":21},"3":{"name":"(anonymous_3)","decl":{"start":{"line":26,"column":2},"end":{"line":26,"column":3}},"loc":{"start":{"line":26,"column":22},"end":{"line":30,"column":3}},"line":26},"4":{"name":"(anonymous_4)","decl":{"start":{"line":32,"column":2},"end":{"line":32,"column":3}},"loc":{"start":{"line":32,"column":20},"end":{"line":36,"column":3}},"line":32},"5":{"name":"(anonymous_5)","decl":{"start":{"line":35,"column":35},"end":{"line":35,"column":36}},"loc":{"start":{"line":35,"column":40},"end":{"line":35,"column":60}},"line":35}},"branchMap":{"0":{"loc":{"start":{"line":22,"column":4},"end":{"line":22,"column":42}},"type":"if","locations":[{"start":{"line":22,"column":4},"end":{"line":22,"column":42}},{"start":{},"end":{}}],"line":22}},"s":{"0":2,"1":2,"2":2,"3":2,"4":2,"5":4,"6":4,"7":4,"8":2,"9":1,"10":1,"11":1,"12":1,"13":1,"14":1,"15":1,"16":1,"17":1,"18":1},"f":{"0":2,"1":4,"2":2,"3":1,"4":1,"5":1},"b":{"0":[1,1]},"_coverageSchema":"1a1c01bbd47fc00a2c39e90264f33305004495a9","hash":"e637da5fad4601217ea8c9bc1a13f1b5364a2e45"}
,"/Users/cdga/repos/testing-123/src/05-xwing.js": {"path":"/Users/cdga/repos/testing-123/src/05-xwing.js","statementMap":{"0":{"start":{"line":3,"column":18},"end":{"line":3,"column":20}},"1":{"start":{"line":6,"column":4},"end":{"line":6,"column":24}},"2":{"start":{"line":7,"column":4},"end":{"line":7,"column":24}},"3":{"start":{"line":8,"column":4},"end":{"line":8,"column":15}},"4":{"start":{"line":9,"column":4},"end":{"line":9,"column":23}},"5":{"start":{"line":13,"column":4},"end":{"line":13,"column":20}},"6":{"start":{"line":14,"column":4},"end":{"line":14,"column":20}},"7":{"start":{"line":18,"column":4},"end":{"line":18,"column":38}},"8":{"start":{"line":23,"column":4},"end":{"line":25,"column":5}},"9":{"start":{"line":24,"column":6},"end":{"line":24,"column":33}},"10":{"start":{"line":27,"column":4},"end":{"line":36,"column":5}},"11":{"start":{"line":28,"column":6},"end":{"line":28,"column":21}},"12":{"start":{"line":29,"column":6},"end":{"line":29,"column":21}},"13":{"start":{"line":30,"column":6},"end":{"line":30,"column":24}},"14":{"start":{"line":31,"column":11},"end":{"line":36,"column":5}},"15":{"start":{"line":32,"column":6},"end":{"line":32,"column":38}},"16":{"start":{"line":33,"column":6},"end":{"line":33,"column":21}},"17":{"start":{"line":35,"column":6},"end":{"line":35,"column":23}},"18":{"start":{"line":44,"column":4},"end":{"line":44,"column":43}},"19":{"start":{"line":45,"column":4},"end":{"line":45,"column":25}},"20":{"start":{"line":46,"column":4},"end":{"line":46,"column":32}},"21":{"start":{"line":50,"column":4},"end":{"line":50,"column":32}},"22":{"start":{"line":54,"column":4},"end":{"line":54,"column":56}},"23":{"start":{"line":58,"column":4},"end":{"line":58,"column":20}},"24":{"start":{"line":59,"column":4},"end":{"line":59,"column":33}},"25":{"start":{"line":64,"column":0},"end":{"line":64,"column":35}}},"fnMap":{"0":{"name":"(anonymous_0)","decl":{"start":{"line":5,"column":2},"end":{"line":5,"column":3}},"loc":{"start":{"line":5,"column":31},"end":{"line":10,"column":3}},"line":5},"1":{"name":"(anonymous_1)","decl":{"start":{"line":12,"column":2},"end":{"line":12,"column":3}},"loc":{"start":{"line":12,"column":26},"end":{"line":15,"column":3}},"line":12},"2":{"name":"(anonymous_2)","decl":{"start":{"line":17,"column":2},"end":{"line":17,"column":3}},"loc":{"start":{"line":17,"column":14},"end":{"line":19,"column":3}},"line":17},"3":{"name":"(anonymous_3)","decl":{"start":{"line":21,"column":2},"end":{"line":21,"column":3}},"loc":{"start":{"line":21,"column":17},"end":{"line":37,"column":3}},"line":21},"4":{"name":"(anonymous_4)","decl":{"start":{"line":43,"column":2},"end":{"line":43,"column":3}},"loc":{"start":{"line":43,"column":43},"end":{"line":47,"column":3}},"line":43},"5":{"name":"(anonymous_5)","decl":{"start":{"line":49,"column":2},"end":{"line":49,"column":3}},"loc":{"start":{"line":49,"column":10},"end":{"line":51,"column":3}},"line":49},"6":{"name":"(anonymous_6)","decl":{"start":{"line":53,"column":2},"end":{"line":53,"column":3}},"loc":{"start":{"line":53,"column":11},"end":{"line":55,"column":3}},"line":53},"7":{"name":"(anonymous_7)","decl":{"start":{"line":57,"column":2},"end":{"line":57,"column":3}},"loc":{"start":{"line":57,"column":14},"end":{"line":60,"column":3}},"line":57}},"branchMap":{"0":{"loc":{"start":{"line":23,"column":4},"end":{"line":25,"column":5}},"type":"if","locations":[{"start":{"line":23,"column":4},"end":{"line":25,"column":5}},{"start":{},"end":{}}],"line":23},"1":{"loc":{"start":{"line":23,"column":8},"end":{"line":23,"column":43}},"type":"binary-expr","locations":[{"start":{"line":23,"column":8},"end":{"line":23,"column":23}},{"start":{"line":23,"column":27},"end":{"line":23,"column":43}}],"line":23},"2":{"loc":{"start":{"line":27,"column":4},"end":{"line":36,"column":5}},"type":"if","locations":[{"start":{"line":27,"column":4},"end":{"line":36,"column":5}},{"start":{"line":31,"column":11},"end":{"line":36,"column":5}}],"line":27},"3":{"loc":{"start":{"line":31,"column":11},"end":{"line":36,"column":5}},"type":"if","locations":[{"start":{"line":31,"column":11},"end":{"line":36,"column":5}},{"start":{"line":34,"column":11},"end":{"line":36,"column":5}}],"line":31},"4":{"loc":{"start":{"line":54,"column":30},"end":{"line":54,"column":55}},"type":"cond-expr","locations":[{"start":{"line":54,"column":50},"end":{"line":54,"column":51}},{"start":{"line":54,"column":54},"end":{"line":54,"column":55}}],"line":54}},"s":{"0":1,"1":9,"2":9,"3":9,"4":9,"5":2,"6":2,"7":3,"8":3,"9":2,"10":3,"11":1,"12":1,"13":1,"14":2,"15":1,"16":1,"17":1,"18":3,"19":3,"20":3,"21":1,"22":1,"23":1,"24":1,"25":1},"f":{"0":9,"1":2,"2":3,"3":3,"4":3,"5":1,"6":1,"7":1},"b":{"0":[2,1],"1":[3,3],"2":[1,2],"3":[1,1],"4":[1,0]},"_coverageSchema":"1a1c01bbd47fc00a2c39e90264f33305004495a9","hash":"aa3f8f567cd5ce230d7e93df1f74e6fdfb5d1675"}
}
