TN:
SF:src/01-rectangle.js
FN:3,(anonymous_0)
FN:8,(anonymous_1)
FN:12,(anonymous_2)
FNF:3
FNH:3
FNDA:2,(anonymous_0)
FNDA:2,(anonymous_1)
FNDA:2,(anonymous_2)
DA:4,2
DA:5,2
DA:9,2
DA:13,2
DA:17,1
LF:5
LH:5
BRF:0
BRH:0
end_of_record
TN:
SF:src/02-point.js
FN:3,(anonymous_0)
FN:8,(anonymous_1)
FN:13,(anonymous_2)
FN:17,(anonymous_3)
FNF:4
FNH:4
FNDA:12,(anonymous_0)
FNDA:3,(anonymous_1)
FNDA:3,(anonymous_2)
FNDA:3,(anonymous_3)
DA:4,12
DA:5,12
DA:9,3
DA:10,3
DA:14,3
DA:18,3
DA:19,3
DA:22,1
LF:8
LH:8
BRF:0
BRH:0
end_of_record
TN:
SF:src/03-cuboid.js
FN:3,(anonymous_0)
FN:10,(anonymous_1)
FN:14,(anonymous_2)
FNF:3
FNH:3
FNDA:3,(anonymous_0)
FNDA:1,(anonymous_1)
FNDA:2,(anonymous_2)
DA:4,3
DA:5,3
DA:6,3
DA:7,3
DA:11,1
DA:15,2
DA:20,1
LF:7
LH:7
BRF:0
BRH:0
end_of_record
TN:
SF:src/04-library.js
FN:3,(anonymous_0)
FN:15,(anonymous_1)
FN:21,(anonymous_2)
FN:26,(anonymous_3)
FN:32,(anonymous_4)
FN:35,(anonymous_5)
FNF:6
FNH:6
FNDA:2,(anonymous_0)
FNDA:4,(anonymous_1)
FNDA:2,(anonymous_2)
FNDA:1,(anonymous_3)
FNDA:1,(anonymous_4)
FNDA:1,(anonymous_5)
DA:4,2
DA:5,2
DA:6,2
DA:7,2
DA:8,2
DA:16,4
DA:17,4
DA:18,4
DA:22,2
DA:23,1
DA:27,1
DA:28,1
DA:29,1
DA:33,1
DA:34,1
DA:35,1
DA:39,1
LF:17
LH:17
BRDA:22,0,0,1
BRDA:22,0,1,1
BRF:2
BRH:2
end_of_record
TN:
SF:src/05-xwing.js
FN:5,(anonymous_0)
FN:12,(anonymous_1)
FN:17,(anonymous_2)
FN:21,(anonymous_3)
FN:43,(anonymous_4)
FN:49,(anonymous_5)
FN:53,(anonymous_6)
FN:57,(anonymous_7)
FNF:8
FNH:8
FNDA:9,(anonymous_0)
FNDA:2,(anonymous_1)
FNDA:3,(anonymous_2)
FNDA:3,(anonymous_3)
FNDA:3,(anonymous_4)
FNDA:1,(anonymous_5)
FNDA:1,(anonymous_6)
FNDA:1,(anonymous_7)
DA:3,1
DA:6,9
DA:7,9
DA:8,9
DA:9,9
DA:13,2
DA:14,2
DA:18,3
DA:23,3
DA:24,2
DA:27,3
DA:28,1
DA:29,1
DA:30,1
DA:31,2
DA:32,1
DA:33,1
DA:35,1
DA:44,3
DA:45,3
DA:46,3
DA:50,1
DA:54,1
DA:58,1
DA:59,1
DA:64,1
LF:26
LH:26
BRDA:23,0,0,2
BRDA:23,0,1,1
BRDA:23,1,0,3
BRDA:23,1,1,3
BRDA:27,2,0,1
BRDA:27,2,1,2
BRDA:31,3,0,1
BRDA:31,3,1,1
BRDA:54,4,0,1
BRDA:54,4,1,0
BRF:10
BRH:9
end_of_record
